Copyright 1986-2022 Xilinx, Inc. All Rights Reserved.
---------------------------------------------------------------------------------------------------------------
| Tool Version : Vivado v.2022.2 (win64) Build 3671981 Fri Oct 14 05:00:03 MDT 2022
| Date         : Tue May  2 01:58:05 2023
| Host         : PC-ALESSANDRO running 64-bit major release  (build 9200)
| Command      : report_utilization -file tb_wrapper_utilization_synth.rpt -pb tb_wrapper_utilization_synth.pb
| Design       : tb_wrapper
| Device       : xcku025-ffva1156-1-c
| Speed File   : -1
| Design State : Synthesized
---------------------------------------------------------------------------------------------------------------

Utilization Design Information

Table of Contents
-----------------
1. CLB Logic
1.1 Summary of Registers by Type
2. BLOCKRAM
3. ARITHMETIC
4. I/O
5. CLOCK
6. ADVANCED
7. CONFIGURATION
8. Primitives
9. Black Boxes
10. Instantiated Netlists

1. CLB Logic
------------

+-------------------------+------+-------+------------+-----------+-------+
|        Site Type        | Used | Fixed | Prohibited | Available | Util% |
+-------------------------+------+-------+------------+-----------+-------+
| CLB LUTs*               |    0 |     0 |          0 |    145440 |  0.00 |
|   LUT as Logic          |    0 |     0 |          0 |    145440 |  0.00 |
|   LUT as Memory         |    0 |     0 |          0 |     67680 |  0.00 |
| CLB Registers           |    0 |     0 |          0 |    290880 |  0.00 |
|   Register as Flip Flop |    0 |     0 |          0 |    290880 |  0.00 |
|   Register as Latch     |    0 |     0 |          0 |    290880 |  0.00 |
| CARRY8                  |    0 |     0 |          0 |     18180 |  0.00 |
| F7 Muxes                |    0 |     0 |          0 |     72720 |  0.00 |
| F8 Muxes                |    0 |     0 |          0 |     36360 |  0.00 |
| F9 Muxes                |    0 |     0 |          0 |     18180 |  0.00 |
+-------------------------+------+-------+------------+-----------+-------+
* Warning! The Final LUT count, after physical optimizations and full implementation, is typically lower. Run opt_design after synthesis, if not already completed, for a more realistic count.
Warning! LUT value is adjusted to account for LUT combining.


1.1 Summary of Registers by Type
--------------------------------

+-------+--------------+-------------+--------------+
| Total | Clock Enable | Synchronous | Asynchronous |
+-------+--------------+-------------+--------------+
| 0     |            _ |           - |            - |
| 0     |            _ |           - |          Set |
| 0     |            _ |           - |        Reset |
| 0     |            _ |         Set |            - |
| 0     |            _ |       Reset |            - |
| 0     |          Yes |           - |            - |
| 0     |          Yes |           - |          Set |
| 0     |          Yes |           - |        Reset |
| 0     |          Yes |         Set |            - |
| 0     |          Yes |       Reset |            - |
+-------+--------------+-------------+--------------+


2. BLOCKRAM
-----------

+----------------+------+-------+------------+-----------+-------+
|    Site Type   | Used | Fixed | Prohibited | Available | Util% |
+----------------+------+-------+------------+-----------+-------+
| Block RAM Tile |    0 |     0 |          0 |       360 |  0.00 |
|   RAMB36/FIFO* |    0 |     0 |          0 |       360 |  0.00 |
|   RAMB18       |    0 |     0 |          0 |       720 |  0.00 |
+----------------+------+-------+------------+-----------+-------+
* Note: Each Block RAM Tile only has one FIFO logic available and therefore can accommodate only one FIFO36E2 or one FIFO18E2. However, if a FIFO18E2 occupies a Block RAM Tile, that tile can still accommodate a RAMB18E2


3. ARITHMETIC
-------------

+-----------+------+-------+------------+-----------+-------+
| Site Type | Used | Fixed | Prohibited | Available | Util% |
+-----------+------+-------+------------+-----------+-------+
| DSPs      |    0 |     0 |          0 |      1152 |  0.00 |
+-----------+------+-------+------------+-----------+-------+


4. I/O
------

+------------+------+-------+------------+-----------+-------+
|  Site Type | Used | Fixed | Prohibited | Available | Util% |
+------------+------+-------+------------+-----------+-------+
| Bonded IOB |    3 |     0 |          0 |       312 |  0.96 |
+------------+------+-------+------------+-----------+-------+


5. CLOCK
--------

+----------------------+------+-------+------------+-----------+-------+
|       Site Type      | Used | Fixed | Prohibited | Available | Util% |
+----------------------+------+-------+------------+-----------+-------+
| GLOBAL CLOCK BUFFERs |    0 |     0 |          0 |       288 |  0.00 |
|   BUFGCE             |    0 |     0 |          0 |       144 |  0.00 |
|   BUFGCE_DIV         |    0 |     0 |          0 |        24 |  0.00 |
|   BUFG_GT            |    0 |     0 |          0 |        72 |  0.00 |
|   BUFGCTRL*          |    0 |     0 |          0 |        48 |  0.00 |
| PLLE3_ADV            |    0 |     0 |          0 |        12 |  0.00 |
| MMCME3_ADV           |    0 |     0 |          0 |         6 |  0.00 |
+----------------------+------+-------+------------+-----------+-------+
* Note: Each used BUFGCTRL counts as two GLOBAL CLOCK BUFFERs. This table does not include global clocking resources, only buffer cell usage. See the Clock Utilization Report (report_clock_utilization) for detailed accounting of global clocking resource availability.


6. ADVANCED
-----------

+-----------------+------+-------+------------+-----------+-------+
|    Site Type    | Used | Fixed | Prohibited | Available | Util% |
+-----------------+------+-------+------------+-----------+-------+
| GTHE3_CHANNEL   |    0 |     0 |          0 |        12 |  0.00 |
| GTHE3_COMMON    |    0 |     0 |          0 |         3 |  0.00 |
| IBUFDS_GTE3     |    0 |     0 |          0 |         6 |  0.00 |
| OBUFDS_GTE3     |    0 |     0 |          0 |         6 |  0.00 |
| OBUFDS_GTE3_ADV |    0 |     0 |          0 |         6 |  0.00 |
| PCIE_3_1        |    0 |     0 |          0 |         1 |  0.00 |
| SYSMONE1        |    0 |     0 |          0 |         1 |  0.00 |
+-----------------+------+-------+------------+-----------+-------+


7. CONFIGURATION
----------------

+-------------+------+-------+------------+-----------+-------+
|  Site Type  | Used | Fixed | Prohibited | Available | Util% |
+-------------+------+-------+------------+-----------+-------+
| BSCANE2     |    0 |     0 |          0 |         4 |  0.00 |
| DNA_PORTE2  |    0 |     0 |          0 |         1 |  0.00 |
| EFUSE_USR   |    0 |     0 |          0 |         1 |  0.00 |
| FRAME_ECCE3 |    0 |     0 |          0 |         1 |  0.00 |
| ICAPE3      |    0 |     0 |          0 |         2 |  0.00 |
| MASTER_JTAG |    0 |     0 |          0 |         1 |  0.00 |
| STARTUPE3   |    0 |     0 |          0 |         1 |  0.00 |
+-------------+------+-------+------------+-----------+-------+


8. Primitives
-------------

+----------+------+---------------------+
| Ref Name | Used | Functional Category |
+----------+------+---------------------+
| INBUF    |    2 |                 I/O |
| IBUFCTRL |    2 |              Others |
| OBUF     |    1 |                 I/O |
+----------+------+---------------------+


9. Black Boxes
--------------

+----------------------------+------+
|          Ref Name          | Used |
+----------------------------+------+
| tb_xbar_5                  |    1 |
| tb_xbar_4                  |    1 |
| tb_xbar_3                  |    1 |
| tb_rst_clk_wiz_100M_0      |    1 |
| tb_microblaze_0_axi_intc_0 |    1 |
| tb_microblaze_0_0          |    1 |
| tb_mdm_1_0                 |    1 |
| tb_lmb_bram_0              |    1 |
| tb_ilmb_v10_0              |    1 |
| tb_ilmb_bram_if_cntlr_0    |    1 |
| tb_dlmb_v10_0              |    1 |
| tb_dlmb_bram_if_cntlr_0    |    1 |
| tb_clk_wiz_0               |    1 |
| tb_blk_mem_gen_0_0         |    1 |
| tb_axi_uartlite_0_0        |    1 |
| tb_axi_timer_0_0           |    1 |
| tb_axi_smc_0               |    1 |
| tb_axi_bram_ctrl_0_0       |    1 |
| tb_SimpleTxMCDMA_0_0       |    1 |
| tb_SimpleRxMCDMA_0_0       |    1 |
+----------------------------+------+


10. Instantiated Netlists
-------------------------

+----------+------+
| Ref Name | Used |
+----------+------+


